{"total": {"lines":{"total":175,"covered":175,"skipped":0,"pct":100},"statements":{"total":192,"covered":192,"skipped":0,"pct":100},"functions":{"total":56,"covered":56,"skipped":0,"pct":100},"branches":{"total":72,"covered":72,"skipped":0,"pct":100}}
,"C:\\Users\\smgal\\OneDrive\\Documents\\GitHub\\lapidoty-sqe-workshop-2018-exercise-3\\src\\js\\code-analyzer.js": {"lines":{"total":175,"covered":175,"skipped":0,"pct":100},"functions":{"total":56,"covered":56,"skipped":0,"pct":100},"statements":{"total":192,"covered":192,"skipped":0,"pct":100},"branches":{"total":72,"covered":72,"skipped":0,"pct":100}}
}
